0.16  - Moved to Forum Repo
0.17  - Public Release
0.18  - edited some q and r values

0.19  - 
        cuted off e range
        complete edited ks function
        now it should make other functions to pause while ks function runs
        removed all mana checks in combo mode cause it was only one solution that i found to fix by low mana not casting skills issue
        added option to turn on/off skin hack
        removed targeting skills from autocarry target selector, now plugin has own target selector for skills.
0.20 - 
        fixed ks pos, forgott it to change after 0.19 update. im sorry
        

0.21 - 
        rolled back to old ks and reborn target system cause of fps issues.
        improved range in target cause didnt know how to do it before ='(
0.22 -
      connected with bol.b00st.eu
0.23 -
      some connection fixes with bol.b00st.eu
0.24 -
      removed passive farm calculation dmg cause its in new sac already in
0.25 -
      just forced to visit topic to download standalone
0.26 -
      Standalone version
      you can use it with w/e orbwalker you wish
      now you can setup hitchances for combo and harass
      new harass is in
      in ks options added AA
      in draws added AA Range
      new submenus: key bindings, target selector
      script now dont loads not activated futures
      btw added nice ascII title :3
      
      
      
        
