0.1 -
      moved from other repo
      
0.2 - 
      complete rewritten combo, harass, ks
      added draws, skinhack, prodiction hitchances, option to cast ult on key
      removed sac's target selector, for skills using now his own one
      
0.3 - 
      fixed issues with ULT4ME, you guys were right it wasnt casting ult. you can blame me ='(
      fixed fps drops
      fixed q 
0.4 - 
      added experemental drake & nashor ult steal
      q values finetunes
0.5 -
      connected with bol.b00st.eu
0.6 -
      some connection fixes with bol.b00st.eu
0.7 -
      complete rewritten as standalone
0.8 -
      fixed spam if graves is dead
0.9 -
      fixed harass issues
0.10 -
      fixed sac issues

0.11 -
      prediction, collision and orbwalk update
	  now free users can be happy too
